<?xml version="1.0" encoding="UTF-8"?>
<!-- Generated by org.testng.reporters.JUnitReportReporter -->
<testsuite hostname="Lenovo-PC" failures="0" tests="1" name="com.hrms.testscript.TC0002" time="19.020" errors="0" timestamp="05 Aug 2021 14:32:02 GMT" skipped="0">
  <testcase classname="com.hrms.testscript.TC0002" name="tc0002" time="19.020"/>
</testsuite> <!-- com.hrms.testscript.TC0002 -->
